# JRE version: Java(TM) SE Runtime Environment (21.0.5+9) (build 21.0.5+9-LTS-239)
# Java VM: Java HotSpot(TM) 64-Bit Server VM (21.0.5+9-LTS-239, mixed mode, sharing, tiered, compressed oops, compressed class ptrs, g1 gc, windows-amd64)
GC Precious Log:
 CardTable entry size: 512
 Card Set container configuration: InlinePtr #cards 5 size 8 Array Of Cards #cards 12 size 40 Howl #buckets 4 coarsen threshold 1843 Howl Bitmap #cards 512 size 80 coarsen threshold 460 Card regions per heap region 1 cards per card region 2048
 CPUs: 12 total, 12 available
 Memory: 15706M
 Large Page Support: Disabled
 NUMA Support: Disabled
 Compressed Oops: Enabled (32-bit)
 Heap Region Size: 1M
 Heap Min Capacity: 8M
 Heap Initial Capacity: 246M
 Heap Max Capacity: 1G
 Pre-touch: Disabled
 Parallel Workers: 10
 Concurrent Workers: 3
 Concurrent Refinement Workers: 10
 Periodic GC: Disabled
Heap:
 garbage-first heap   total 92160K, used 67282K [0x00000000c0000000, 0x0000000100000000)
  region size 1024K, 34 young (34816K), 5 survivors (5120K)
 Metaspace       used 50544K, committed 52224K, reserved 1114112K
  class space    used 6939K, committed 7744K, reserved 1048576K
GC Heap History (20 events):
Event: 21.777 GC heap before
{Heap before GC invocations=3 (full 0):
 garbage-first heap   total 251904K, used 101295K [0x00000000c0000000, 0x0000000100000000)
  region size 1024K, 87 young (89088K), 6 survivors (6144K)
 Metaspace       used 20862K, committed 21504K, reserved 1114112K
  class space    used 2975K, committed 3264K, reserved 1048576K
}
Event: 21.786 GC heap after
{Heap after GC invocations=4 (full 0):
 garbage-first heap   total 251904K, used 25204K [0x00000000c0000000, 0x0000000100000000)
  region size 1024K, 12 young (12288K), 12 survivors (12288K)
 Metaspace       used 20862K, committed 21504K, reserved 1114112K
  class space    used 2975K, committed 3264K, reserved 1048576K
}
Event: 22.410 GC heap before
{Heap before GC invocations=5 (full 0):
 garbage-first heap   total 92160K, used 68212K [0x00000000c0000000, 0x0000000100000000)
  region size 1024K, 54 young (55296K), 12 survivors (12288K)
 Metaspace       used 26072K, committed 27072K, reserved 1114112K
  class space    used 3854K, committed 4352K, reserved 1048576K
}
Event: 22.417 GC heap after
{Heap after GC invocations=6 (full 0):
 garbage-first heap   total 92160K, used 28191K [0x00000000c0000000, 0x0000000100000000)
  region size 1024K, 3 young (3072K), 3 survivors (3072K)
 Metaspace       used 26072K, committed 27072K, reserved 1114112K
  class space    used 3854K, committed 4352K, reserved 1048576K
}
Event: 23.162 GC heap before
{Heap before GC invocations=6 (full 0):
 garbage-first heap   total 92160K, used 76319K [0x00000000c0000000, 0x0000000100000000)
  region size 1024K, 50 young (51200K), 3 survivors (3072K)
 Metaspace       used 34604K, committed 35968K, reserved 1114112K
  class space    used 5010K, committed 5696K, reserved 1048576K
}
Event: 23.168 GC heap after
{Heap after GC invocations=7 (full 0):
 garbage-first heap   total 92160K, used 32103K [0x00000000c0000000, 0x0000000100000000)
  region size 1024K, 7 young (7168K), 7 survivors (7168K)
 Metaspace       used 34604K, committed 35968K, reserved 1114112K
  class space    used 5010K, committed 5696K, reserved 1048576K
}
Event: 23.175 GC heap before
{Heap before GC invocations=7 (full 0):
 garbage-first heap   total 92160K, used 32103K [0x00000000c0000000, 0x0000000100000000)
  region size 1024K, 8 young (8192K), 7 survivors (7168K)
 Metaspace       used 34655K, committed 35968K, reserved 1114112K
  class space    used 5017K, committed 5696K, reserved 1048576K
}
Event: 23.179 GC heap after
{Heap after GC invocations=8 (full 0):
 garbage-first heap   total 92160K, used 32761K [0x00000000c0000000, 0x0000000100000000)
  region size 1024K, 1 young (1024K), 1 survivors (1024K)
 Metaspace       used 34655K, committed 35968K, reserved 1114112K
  class space    used 5017K, committed 5696K, reserved 1048576K
}
Event: 23.846 GC heap before
{Heap before GC invocations=9 (full 0):
 garbage-first heap   total 92160K, used 83961K [0x00000000c0000000, 0x0000000100000000)
  region size 1024K, 47 young (48128K), 1 survivors (1024K)
 Metaspace       used 38561K, committed 39936K, reserved 1114112K
  class space    used 5403K, committed 6080K, reserved 1048576K
}
Event: 23.849 GC heap after
{Heap after GC invocations=10 (full 0):
 garbage-first heap   total 92160K, used 37329K [0x00000000c0000000, 0x0000000100000000)
  region size 1024K, 6 young (6144K), 6 survivors (6144K)
 Metaspace       used 38561K, committed 39936K, reserved 1114112K
  class space    used 5403K, committed 6080K, reserved 1048576K
}
Event: 500.496 GC heap before
{Heap before GC invocations=10 (full 0):
 garbage-first heap   total 92160K, used 78289K [0x00000000c0000000, 0x0000000100000000)
  region size 1024K, 46 young (47104K), 6 survivors (6144K)
 Metaspace       used 41717K, committed 43200K, reserved 1114112K
  class space    used 5859K, committed 6592K, reserved 1048576K
}
Event: 500.501 GC heap after
{Heap after GC invocations=11 (full 0):
 garbage-first heap   total 92160K, used 38044K [0x00000000c0000000, 0x0000000100000000)
  region size 1024K, 3 young (3072K), 3 survivors (3072K)
 Metaspace       used 41717K, committed 43200K, reserved 1114112K
  class space    used 5859K, committed 6592K, reserved 1048576K
}
Event: 2830.190 GC heap before
{Heap before GC invocations=11 (full 0):
 garbage-first heap   total 92160K, used 80028K [0x00000000c0000000, 0x0000000100000000)
  region size 1024K, 44 young (45056K), 3 survivors (3072K)
 Metaspace       used 41890K, committed 43392K, reserved 1114112K
  class space    used 5859K, committed 6592K, reserved 1048576K
}
Event: 2830.198 GC heap after
{Heap after GC invocations=12 (full 0):
 garbage-first heap   total 92160K, used 38160K [0x00000000c0000000, 0x0000000100000000)
  region size 1024K, 3 young (3072K), 3 survivors (3072K)
 Metaspace       used 41890K, committed 43392K, reserved 1114112K
  class space    used 5859K, committed 6592K, reserved 1048576K
}
Event: 5320.498 GC heap before
{Heap before GC invocations=12 (full 0):
 garbage-first heap   total 92160K, used 82192K [0x00000000c0000000, 0x0000000100000000)
  region size 1024K, 46 young (47104K), 3 survivors (3072K)
 Metaspace       used 41911K, committed 43392K, reserved 1114112K
  class space    used 5859K, committed 6592K, reserved 1048576K
}
Event: 5320.505 GC heap after
{Heap after GC invocations=13 (full 0):
 garbage-first heap   total 92160K, used 37584K [0x00000000c0000000, 0x0000000100000000)
  region size 1024K, 3 young (3072K), 3 survivors (3072K)
 Metaspace       used 41911K, committed 43392K, reserved 1114112K
  class space    used 5859K, committed 6592K, reserved 1048576K
}
Event: 7890.182 GC heap before
{Heap before GC invocations=13 (full 0):
 garbage-first heap   total 92160K, used 82640K [0x00000000c0000000, 0x0000000100000000)
  region size 1024K, 47 young (48128K), 3 survivors (3072K)
 Metaspace       used 41911K, committed 43392K, reserved 1114112K
  class space    used 5859K, committed 6592K, reserved 1048576K
}
Event: 7890.192 GC heap after
{Heap after GC invocations=14 (full 0):
 garbage-first heap   total 92160K, used 37410K [0x00000000c0000000, 0x0000000100000000)
  region size 1024K, 2 young (2048K), 2 survivors (2048K)
 Metaspace       used 41911K, committed 43392K, reserved 1114112K
  class space    used 5859K, committed 6592K, reserved 1048576K
}
Event: 8819.258 GC heap before
{Heap before GC invocations=14 (full 0):
 garbage-first heap   total 92160K, used 85538K [0x00000000c0000000, 0x0000000100000000)
  region size 1024K, 48 young (49152K), 2 survivors (2048K)
 Metaspace       used 45691K, committed 47360K, reserved 1114112K
  class space    used 6334K, committed 7168K, reserved 1048576K
}
Event: 8819.268 GC heap after
{Heap after GC invocations=15 (full 0):
 garbage-first heap   total 92160K, used 39634K [0x00000000c0000000, 0x0000000100000000)
  region size 1024K, 5 young (5120K), 5 survivors (5120K)
 Metaspace       used 45691K, committed 47360K, reserved 1114112K
  class space    used 6334K, committed 7168K, reserved 1048576K
}

